<?xml version="1.0" encoding="UTF-8"?>
<!-- Generated by org.testng.reporters.JUnitXMLReporter -->
<testsuite hostname="LAPTOP-4PPO27N0" ignored="0" name="Command line test" tests="6" failures="0" timestamp="18 Feb 2019 05:43:05 GMT" time="0.047" errors="0">
  <testcase name="AndroidApp" time="0.0" classname="Myproject.AppiumTest"/>
  <testcase name="IOSapp" time="0.016" classname="Myproject.AppiumTest"/>
  <testcase name="DeleteTwitter" time="0.0" classname="Myproject.RestApiTest"/>
  <testcase name="PostJira" time="0.0" classname="Myproject.RestApiTest"/>
  <testcase name="BrowserAutomation" time="0.0" classname="Myproject.SeleniumTest"/>
  <testcase name="ElementUI" time="0.0" classname="Myproject.SeleniumTest"/>
</testsuite> <!-- Command line test -->
