<?xml version="1.0" encoding="UTF-8"?>
<!-- Generated by org.testng.reporters.JUnitXMLReporter -->
<testsuite hostname="LAPTOP-4PPO27N0" ignored="0" name="Test" tests="4" failures="0" timestamp="18 Feb 2019 06:02:16 GMT" time="0.062" errors="0">
  <testcase name="AndroidApp" time="0.0" classname="Myproject.AppiumTest"/>
  <testcase name="IOSapp" time="0.0" classname="Myproject.AppiumTest"/>
  <testcase name="DeleteTwitter" time="0.0" classname="Myproject.RestApiTest"/>
  <testcase name="PostJira" time="0.0" classname="Myproject.RestApiTest"/>
</testsuite> <!-- Test -->
