<?xml version="1.0" encoding="UTF-8"?>
<testng-results skipped="0" failed="0" ignored="0" total="4" passed="4">
  <reporter-output>
  </reporter-output>
  <suite name="Suite" duration-ms="62" started-at="2019-02-18T06:02:16Z" finished-at="2019-02-18T06:02:16Z">
    <groups>
    </groups>
    <test name="Test" duration-ms="62" started-at="2019-02-18T06:02:16Z" finished-at="2019-02-18T06:02:16Z">
      <class name="Myproject.AppiumTest">
        <test-method status="PASS" signature="AndroidApp()[pri:0, instance:Myproject.AppiumTest@6537cf78]" name="AndroidApp" duration-ms="0" started-at="2019-02-18T06:02:16Z" finished-at="2019-02-18T06:02:16Z">
          <reporter-output>
          </reporter-output>
        </test-method> <!-- AndroidApp -->
        <test-method status="PASS" signature="IOSapp()[pri:0, instance:Myproject.AppiumTest@6537cf78]" name="IOSapp" duration-ms="0" started-at="2019-02-18T06:02:16Z" finished-at="2019-02-18T06:02:16Z">
          <reporter-output>
          </reporter-output>
        </test-method> <!-- IOSapp -->
      </class> <!-- Myproject.AppiumTest -->
      <class name="Myproject.RestApiTest">
        <test-method status="PASS" signature="DeleteTwitter()[pri:0, instance:Myproject.RestApiTest@67b6d4ae]" name="DeleteTwitter" duration-ms="0" started-at="2019-02-18T06:02:16Z" finished-at="2019-02-18T06:02:16Z">
          <reporter-output>
          </reporter-output>
        </test-method> <!-- DeleteTwitter -->
        <test-method status="PASS" signature="PostJira()[pri:0, instance:Myproject.RestApiTest@67b6d4ae]" name="PostJira" duration-ms="0" started-at="2019-02-18T06:02:16Z" finished-at="2019-02-18T06:02:16Z">
          <reporter-output>
          </reporter-output>
        </test-method> <!-- PostJira -->
      </class> <!-- Myproject.RestApiTest -->
    </test> <!-- Test -->
  </suite> <!-- Suite -->
</testng-results>
